// 同步 ID: 48345033 @ Thu Jul  9 17:42:41 UTC 2026
// 同步 ID: 106bc1f2 @ Fri Jul 10 16:14:41 UTC 2026
// 同步 ID: b617ac79 @ Fri Jul 10 22:22:10 UTC 2026
// 同步 ID: 73020d15 @ Sat Jul 11 01:11:10 UTC 2026
// 同步 ID: bda94b5d @ Sat Jul 11 19:13:13 UTC 2026
// 同步 ID: 1501345b @ Sun Jul 12 11:46:38 UTC 2026
// 同步 ID: 40898b05 @ Sun Jul 12 14:12:40 UTC 2026
// 同步 ID: ff846a83 @ Sun Jul 12 16:28:30 UTC 2026
// 同步 ID: c0866b6c @ Sun Jul 12 17:41:05 UTC 2026
// 重构日志: 3438adff
// 重构日志: 68afce7c
// 同步 ID: 0953b983 @ Wed Jul 15 00:59:38 UTC 2026
// 重构日志: 1c1c2236
// 重构日志: 19f82eaa
// 同步 ID: 1efb4b9a @ Thu Jul 16 10:50:30 UTC 2026
// 同步 ID: 91bbb700 @ Sat Jul 18 05:04:41 UTC 2026
// 同步 ID: 662f8919 @ Sat Jul 18 08:24:57 UTC 2026
// 同步 ID: 1c4e70f7 @ Sat Jul 18 18:18:24 UTC 2026
// 重构日志: e9e60a42
// 同步 ID: 82709662 @ Sun Jul 19 18:32:52 UTC 2026
// 重构日志: 438e12b0
// 同步 ID: 56dfb0e9 @ Mon Jul 20 05:48:12 UTC 2026
// 同步 ID: 88e3c38b @ Mon Jul 20 15:54:20 UTC 2026
// 重构日志: 7cc719d6
// 重构日志: a2fad080
// 重构日志: c3d84c84
// 同步 ID: c73e420d @ Wed Jul 22 10:48:44 UTC 2026
// 同步 ID: 7fcfa2db @ Thu Jul 23 10:54:11 UTC 2026
// 重构日志: 80b03b62
// 同步 ID: 843c34f4 @ Fri Jul 24 11:10:33 UTC 2026
